[0:00:39.875686918] [1428] [1;32m INFO [1;37mCamera [1;34mcamera_manager.cpp:325 [0mlibcamera v0.3.2+27-7330f29b
[0:00:39.883322196] [1464] [1;32m INFO [1;37mRPI [1;34mpisp.cpp:695 [0mlibpisp version v1.0.7 28196ed6edcf 29-08-2024 (16:33:32)
[0:00:39.893171696] [1464] [1;32m INFO [1;37mRPI [1;34mpisp.cpp:1154 [0mRegistered camera /base/axi/pcie@120000/rp1/i2c@80000/ov5647@36 to CFE device /dev/media1 and ISP device /dev/media2 using PiSP variant BCM2712_D0
[0:00:39.896215085] [1428] [1;32m INFO [1;37mCamera [1;34mcamera.cpp:1197 [0mconfiguring streams: (0) 1280x720-RGB888 (1) 1920x1080-GBRG_PISP_COMP1
[0:00:39.896324103] [1464] [1;32m INFO [1;37mRPI [1;34mpisp.cpp:1450 [0mSensor: /base/axi/pcie@120000/rp1/i2c@80000/ov5647@36 - Selected sensor format: 1920x1080-SGBRG10_1X10 - Selected CFE format: 1920x1080-PC1g
> Exception in thread Thread-5 (cli_loop):
Traceback (most recent call last):
  File "/usr/lib/python3.11/threading.py", line 1038, in _bootstrap_inner
    self.run()
  File "/usr/lib/python3.11/threading.py", line 975, in run
    self._target(*self._args, **self._kwargs)
  File "/home/radhan/iris-client-rpi/client.py", line 212, in cli_loop
    command = input("> ")
              ^^^^^^^^^^^
EOFError: EOF when reading a line
ALSA lib pcm_asym.c:105:(_snd_pcm_asym_open) capture slave is not defined
ALSA lib confmisc.c:1369:(snd_func_refer) Unable to find definition 'cards.0.pcm.front.0:CARD=0'
ALSA lib conf.c:5180:(_snd_config_evaluate) function snd_func_refer returned error: No such file or directory
ALSA lib conf.c:5703:(snd_config_expand) Evaluate error: No such file or directory
ALSA lib pcm.c:2666:(snd_pcm_open_noupdate) Unknown PCM front
ALSA lib pcm.c:2666:(snd_pcm_open_noupdate) Unknown PCM cards.pcm.rear
ALSA lib pcm.c:2666:(snd_pcm_open_noupdate) Unknown PCM cards.pcm.center_lfe
ALSA lib pcm.c:2666:(snd_pcm_open_noupdate) Unknown PCM cards.pcm.side
ALSA lib confmisc.c:1369:(snd_func_refer) Unable to find definition 'cards.0.pcm.surround51.0:CARD=0'
ALSA lib conf.c:5180:(_snd_config_evaluate) function snd_func_refer returned error: No such file or directory
ALSA lib conf.c:5703:(snd_config_expand) Evaluate error: No such file or directory
ALSA lib pcm.c:2666:(snd_pcm_open_noupdate) Unknown PCM surround21
ALSA lib confmisc.c:1369:(snd_func_refer) Unable to find definition 'cards.0.pcm.surround51.0:CARD=0'
ALSA lib conf.c:5180:(_snd_config_evaluate) function snd_func_refer returned error: No such file or directory
ALSA lib conf.c:5703:(snd_config_expand) Evaluate error: No such file or directory
ALSA lib pcm.c:2666:(snd_pcm_open_noupdate) Unknown PCM surround21
ALSA lib confmisc.c:1369:(snd_func_refer) Unable to find definition 'cards.0.pcm.surround40.0:CARD=0'
ALSA lib conf.c:5180:(_snd_config_evaluate) function snd_func_refer returned error: No such file or directory
ALSA lib conf.c:5703:(snd_config_expand) Evaluate error: No such file or directory
ALSA lib pcm.c:2666:(snd_pcm_open_noupdate) Unknown PCM surround40
ALSA lib confmisc.c:1369:(snd_func_refer) Unable to find definition 'cards.0.pcm.surround51.0:CARD=0'
ALSA lib conf.c:5180:(_snd_config_evaluate) function snd_func_refer returned error: No such file or directory
ALSA lib conf.c:5703:(snd_config_expand) Evaluate error: No such file or directory
ALSA lib pcm.c:2666:(snd_pcm_open_noupdate) Unknown PCM surround41
ALSA lib confmisc.c:1369:(snd_func_refer) Unable to find definition 'cards.0.pcm.surround51.0:CARD=0'
ALSA lib conf.c:5180:(_snd_config_evaluate) function snd_func_refer returned error: No such file or directory
ALSA lib conf.c:5703:(snd_config_expand) Evaluate error: No such file or directory
ALSA lib pcm.c:2666:(snd_pcm_open_noupdate) Unknown PCM surround50
ALSA lib confmisc.c:1369:(snd_func_refer) Unable to find definition 'cards.0.pcm.surround51.0:CARD=0'
ALSA lib conf.c:5180:(_snd_config_evaluate) function snd_func_refer returned error: No such file or directory
ALSA lib conf.c:5703:(snd_config_expand) Evaluate error: No such file or directory
ALSA lib pcm.c:2666:(snd_pcm_open_noupdate) Unknown PCM surround51
ALSA lib confmisc.c:1369:(snd_func_refer) Unable to find definition 'cards.0.pcm.surround71.0:CARD=0'
ALSA lib conf.c:5180:(_snd_config_evaluate) function snd_func_refer returned error: No such file or directory
ALSA lib conf.c:5703:(snd_config_expand) Evaluate error: No such file or directory
ALSA lib pcm.c:2666:(snd_pcm_open_noupdate) Unknown PCM surround71
ALSA lib confmisc.c:1369:(snd_func_refer) Unable to find definition 'cards.0.pcm.iec958.0:CARD=0,AES0=4,AES1=130,AES2=0,AES3=2'
ALSA lib conf.c:5180:(_snd_config_evaluate) function snd_func_refer returned error: No such file or directory
ALSA lib conf.c:5703:(snd_config_expand) Evaluate error: No such file or directory
ALSA lib pcm.c:2666:(snd_pcm_open_noupdate) Unknown PCM iec958
ALSA lib confmisc.c:1369:(snd_func_refer) Unable to find definition 'cards.0.pcm.iec958.0:CARD=0,AES0=4,AES1=130,AES2=0,AES3=2'
ALSA lib conf.c:5180:(_snd_config_evaluate) function snd_func_refer returned error: No such file or directory
ALSA lib conf.c:5703:(snd_config_expand) Evaluate error: No such file or directory
ALSA lib pcm.c:2666:(snd_pcm_open_noupdate) Unknown PCM spdif
ALSA lib confmisc.c:1369:(snd_func_refer) Unable to find definition 'cards.0.pcm.iec958.0:CARD=0,AES0=4,AES1=130,AES2=0,AES3=2'
ALSA lib conf.c:5180:(_snd_config_evaluate) function snd_func_refer returned error: No such file or directory
ALSA lib conf.c:5703:(snd_config_expand) Evaluate error: No such file or directory
ALSA lib pcm.c:2666:(snd_pcm_open_noupdate) Unknown PCM spdif
ALSA lib pcm.c:2666:(snd_pcm_open_noupdate) Unknown PCM cards.pcm.modem
ALSA lib pcm.c:2666:(snd_pcm_open_noupdate) Unknown PCM cards.pcm.modem
ALSA lib pcm.c:2666:(snd_pcm_open_noupdate) Unknown PCM cards.pcm.phoneline
ALSA lib pcm.c:2666:(snd_pcm_open_noupdate) Unknown PCM cards.pcm.phoneline
Cannot connect to server socket err = No such file or directory
Cannot connect to server request channel
jack server is not running or cannot be started
JackShmReadWritePtr::~JackShmReadWritePtr - Init not done for -1, skipping unlock
JackShmReadWritePtr::~JackShmReadWritePtr - Init not done for -1, skipping unlock
Cannot connect to server socket err = No such file or directory
Cannot connect to server request channel
jack server is not running or cannot be started
JackShmReadWritePtr::~JackShmReadWritePtr - Init not done for -1, skipping unlock
JackShmReadWritePtr::~JackShmReadWritePtr - Init not done for -1, skipping unlock
ALSA lib pcm_oss.c:397:(_snd_pcm_oss_open) Cannot open device /dev/dsp
ALSA lib pcm_oss.c:397:(_snd_pcm_oss_open) Cannot open device /dev/dsp
ALSA lib pcm_a52.c:1001:(_snd_pcm_a52_open) a52 is only for playback
ALSA lib confmisc.c:1369:(snd_func_refer) Unable to find definition 'cards.0.pcm.iec958.0:CARD=0,AES0=6,AES1=130,AES2=0,AES3=2'
ALSA lib conf.c:5180:(_snd_config_evaluate) function snd_func_refer returned error: No such file or directory
ALSA lib conf.c:5703:(snd_config_expand) Evaluate error: No such file or directory
ALSA lib pcm.c:2666:(snd_pcm_open_noupdate) Unknown PCM iec958:{AES0 0x6 AES1 0x82 AES2 0x0 AES3 0x2 CARD 0}
ALSA lib confmisc.c:160:(snd_config_get_card) Invalid field card
ALSA lib pcm_usb_stream.c:482:(_snd_pcm_usb_stream_open) Invalid card 'card'
ALSA lib confmisc.c:160:(snd_config_get_card) Invalid field card
ALSA lib pcm_usb_stream.c:482:(_snd_pcm_usb_stream_open) Invalid card 'card'
ALSA lib pcm_dmix.c:999:(snd_pcm_dmix_open) unable to open slave
Cannot connect to server socket err = No such file or directory
Cannot connect to server request channel
jack server is not running or cannot be started
JackShmReadWritePtr::~JackShmReadWritePtr - Init not done for -1, skipping unlock
JackShmReadWritePtr::~JackShmReadWritePtr - Init not done for -1, skipping unlock
ALSA lib pcm_asym.c:105:(_snd_pcm_asym_open) capture slave is not defined
ALSA lib confmisc.c:1369:(snd_func_refer) Unable to find definition 'cards.0.pcm.front.0:CARD=0'
ALSA lib conf.c:5180:(_snd_config_evaluate) function snd_func_refer returned error: No such file or directory
ALSA lib conf.c:5703:(snd_config_expand) Evaluate error: No such file or directory
ALSA lib pcm.c:2666:(snd_pcm_open_noupdate) Unknown PCM front
ALSA lib pcm.c:2666:(snd_pcm_open_noupdate) Unknown PCM cards.pcm.rear
ALSA lib pcm.c:2666:(snd_pcm_open_noupdate) Unknown PCM cards.pcm.center_lfe
ALSA lib pcm.c:2666:(snd_pcm_open_noupdate) Unknown PCM cards.pcm.side
ALSA lib confmisc.c:1369:(snd_func_refer) Unable to find definition 'cards.0.pcm.surround51.0:CARD=0'
ALSA lib conf.c:5180:(_snd_config_evaluate) function snd_func_refer returned error: No such file or directory
ALSA lib conf.c:5703:(snd_config_expand) Evaluate error: No such file or directory
ALSA lib pcm.c:2666:(snd_pcm_open_noupdate) Unknown PCM surround21
ALSA lib confmisc.c:1369:(snd_func_refer) Unable to find definition 'cards.0.pcm.surround51.0:CARD=0'
ALSA lib conf.c:5180:(_snd_config_evaluate) function snd_func_refer returned error: No such file or directory
ALSA lib conf.c:5703:(snd_config_expand) Evaluate error: No such file or directory
ALSA lib pcm.c:2666:(snd_pcm_open_noupdate) Unknown PCM surround21
ALSA lib confmisc.c:1369:(snd_func_refer) Unable to find definition 'cards.0.pcm.surround40.0:CARD=0'
ALSA lib conf.c:5180:(_snd_config_evaluate) function snd_func_refer returned error: No such file or directory
ALSA lib conf.c:5703:(snd_config_expand) Evaluate error: No such file or directory
ALSA lib pcm.c:2666:(snd_pcm_open_noupdate) Unknown PCM surround40
ALSA lib confmisc.c:1369:(snd_func_refer) Unable to find definition 'cards.0.pcm.surround51.0:CARD=0'
ALSA lib conf.c:5180:(_snd_config_evaluate) function snd_func_refer returned error: No such file or directory
ALSA lib conf.c:5703:(snd_config_expand) Evaluate error: No such file or directory
ALSA lib pcm.c:2666:(snd_pcm_open_noupdate) Unknown PCM surround41
ALSA lib confmisc.c:1369:(snd_func_refer) Unable to find definition 'cards.0.pcm.surround51.0:CARD=0'
ALSA lib conf.c:5180:(_snd_config_evaluate) function snd_func_refer returned error: No such file or directory
ALSA lib conf.c:5703:(snd_config_expand) Evaluate error: No such file or directory
ALSA lib pcm.c:2666:(snd_pcm_open_noupdate) Unknown PCM surround50
ALSA lib confmisc.c:1369:(snd_func_refer) Unable to find definition 'cards.0.pcm.surround51.0:CARD=0'
ALSA lib conf.c:5180:(_snd_config_evaluate) function snd_func_refer returned error: No such file or directory
ALSA lib conf.c:5703:(snd_config_expand) Evaluate error: No such file or directory
ALSA lib pcm.c:2666:(snd_pcm_open_noupdate) Unknown PCM surround51
ALSA lib confmisc.c:1369:(snd_func_refer) Unable to find definition 'cards.0.pcm.surround71.0:CARD=0'
ALSA lib conf.c:5180:(_snd_config_evaluate) function snd_func_refer returned error: No such file or directory
ALSA lib conf.c:5703:(snd_config_expand) Evaluate error: No such file or directory
ALSA lib pcm.c:2666:(snd_pcm_open_noupdate) Unknown PCM surround71
ALSA lib confmisc.c:1369:(snd_func_refer) Unable to find definition 'cards.0.pcm.iec958.0:CARD=0,AES0=4,AES1=130,AES2=0,AES3=2'
ALSA lib conf.c:5180:(_snd_config_evaluate) function snd_func_refer returned error: No such file or directory
ALSA lib conf.c:5703:(snd_config_expand) Evaluate error: No such file or directory
ALSA lib pcm.c:2666:(snd_pcm_open_noupdate) Unknown PCM iec958
ALSA lib confmisc.c:1369:(snd_func_refer) Unable to find definition 'cards.0.pcm.iec958.0:CARD=0,AES0=4,AES1=130,AES2=0,AES3=2'
ALSA lib conf.c:5180:(_snd_config_evaluate) function snd_func_refer returned error: No such file or directory
ALSA lib conf.c:5703:(snd_config_expand) Evaluate error: No such file or directory
ALSA lib pcm.c:2666:(snd_pcm_open_noupdate) Unknown PCM spdif
ALSA lib confmisc.c:1369:(snd_func_refer) Unable to find definition 'cards.0.pcm.iec958.0:CARD=0,AES0=4,AES1=130,AES2=0,AES3=2'
ALSA lib conf.c:5180:(_snd_config_evaluate) function snd_func_refer returned error: No such file or directory
ALSA lib conf.c:5703:(snd_config_expand) Evaluate error: No such file or directory
ALSA lib pcm.c:2666:(snd_pcm_open_noupdate) Unknown PCM spdif
ALSA lib pcm.c:2666:(snd_pcm_open_noupdate) Unknown PCM cards.pcm.modem
ALSA lib pcm.c:2666:(snd_pcm_open_noupdate) Unknown PCM cards.pcm.modem
ALSA lib pcm.c:2666:(snd_pcm_open_noupdate) Unknown PCM cards.pcm.phoneline
ALSA lib pcm.c:2666:(snd_pcm_open_noupdate) Unknown PCM cards.pcm.phoneline
Cannot connect to server socket err = No such file or directory
Cannot connect to server request channel
jack server is not running or cannot be started
JackShmReadWritePtr::~JackShmReadWritePtr - Init not done for -1, skipping unlock
JackShmReadWritePtr::~JackShmReadWritePtr - Init not done for -1, skipping unlock
Cannot connect to server socket err = No such file or directory
Cannot connect to server request channel
jack server is not running or cannot be started
JackShmReadWritePtr::~JackShmReadWritePtr - Init not done for -1, skipping unlock
JackShmReadWritePtr::~JackShmReadWritePtr - Init not done for -1, skipping unlock
ALSA lib pcm_oss.c:397:(_snd_pcm_oss_open) Cannot open device /dev/dsp
ALSA lib pcm_oss.c:397:(_snd_pcm_oss_open) Cannot open device /dev/dsp
ALSA lib pcm_a52.c:1001:(_snd_pcm_a52_open) a52 is only for playback
ALSA lib confmisc.c:1369:(snd_func_refer) Unable to find definition 'cards.0.pcm.iec958.0:CARD=0,AES0=6,AES1=130,AES2=0,AES3=2'
ALSA lib conf.c:5180:(_snd_config_evaluate) function snd_func_refer returned error: No such file or directory
ALSA lib conf.c:5703:(snd_config_expand) Evaluate error: No such file or directory
ALSA lib pcm.c:2666:(snd_pcm_open_noupdate) Unknown PCM iec958:{AES0 0x6 AES1 0x82 AES2 0x0 AES3 0x2 CARD 0}
ALSA lib confmisc.c:160:(snd_config_get_card) Invalid field card
ALSA lib pcm_usb_stream.c:482:(_snd_pcm_usb_stream_open) Invalid card 'card'
ALSA lib confmisc.c:160:(snd_config_get_card) Invalid field card
ALSA lib pcm_usb_stream.c:482:(_snd_pcm_usb_stream_open) Invalid card 'card'
ALSA lib pcm_dmix.c:999:(snd_pcm_dmix_open) unable to open slave
Cannot connect to server socket err = No such file or directory
Cannot connect to server request channel
jack server is not running or cannot be started
JackShmReadWritePtr::~JackShmReadWritePtr - Init not done for -1, skipping unlock
JackShmReadWritePtr::~JackShmReadWritePtr - Init not done for -1, skipping unlock
